<?xml version="1.0" encoding="UTF-8"?>
<testsuites>
  <testsuite name="Tests\Feature\TenantSecurityTest" file="/Users/teamsolo/Documents/Dev/juanclinic/backend/tests/Feature/TenantSecurityTest.php" tests="11" assertions="0" errors="11" failures="0" skipped="0" time="0.000000">
    <testcase name="public_users_cannot_access_tenants_endpoint" file="/Users/teamsolo/Documents/Dev/juanclinic/backend/tests/Feature/TenantSecurityTest.php" line="53" class="Tests\Feature\TenantSecurityTest" classname="Tests.Feature.TenantSecurityTest" assertions="0" time="0.000000">
      <error type="Illuminate\Database\QueryException">Tests\Feature\TenantSecurityTest::public_users_cannot_access_tenants_endpoint
Illuminate\Database\QueryException: SQLSTATE[HY000]: General error: 1 near "MODIFY": syntax error (Connection: sqlite, SQL: ALTER TABLE diseases MODIFY COLUMN coding_system ENUM('ICD10', 'ICD10CM', 'ICD11', 'ICD11MMS', 'SNOMED', 'LOCAL') DEFAULT 'LOCAL')

/Users/teamsolo/Documents/Dev/juanclinic/backend/vendor/laravel/framework/src/Illuminate/Database/Connection.php:825
/Users/teamsolo/Documents/Dev/juanclinic/backend/vendor/laravel/framework/src/Illuminate/Database/Connection.php:779
/Users/teamsolo/Documents/Dev/juanclinic/backend/vendor/laravel/framework/src/Illuminate/Database/Connection.php:560
/Users/teamsolo/Documents/Dev/juanclinic/backend/vendor/laravel/framework/src/Illuminate/Database/DatabaseManager.php:495
/Users/teamsolo/Documents/Dev/juanclinic/backend/vendor/laravel/framework/src/Illuminate/Support/Facades/Facade.php:361
/Users/teamsolo/Documents/Dev/juanclinic/backend/database/migrations/2026_04_23_111300_enhance_diseases_table_v2.php:28
/Users/teamsolo/Documents/Dev/juanclinic/backend/vendor/laravel/framework/src/Illuminate/Database/Migrations/Migrator.php:507
/Users/teamsolo/Documents/Dev/juanclinic/backend/vendor/laravel/framework/src/Illuminate/Database/Migrations/Migrator.php:432
/Users/teamsolo/Documents/Dev/juanclinic/backend/vendor/laravel/framework/src/Illuminate/Database/Migrations/Migrator.php:441
/Users/teamsolo/Documents/Dev/juanclinic/backend/vendor/laravel/framework/src/Illuminate/Database/Migrations/Migrator.php:244
/Users/teamsolo/Documents/Dev/juanclinic/backend/vendor/laravel/framework/src/Illuminate/Console/View/Components/Task.php:40
/Users/teamsolo/Documents/Dev/juanclinic/backend/vendor/laravel/framework/src/Illuminate/Database/Migrations/Migrator.php:798
/Users/teamsolo/Documents/Dev/juanclinic/backend/vendor/laravel/framework/src/Illuminate/Database/Migrations/Migrator.php:244
/Users/teamsolo/Documents/Dev/juanclinic/backend/vendor/laravel/framework/src/Illuminate/Database/Migrations/Migrator.php:211
/Users/teamsolo/Documents/Dev/juanclinic/backend/vendor/laravel/framework/src/Illuminate/Database/Migrations/Migrator.php:138
/Users/teamsolo/Documents/Dev/juanclinic/backend/vendor/laravel/framework/src/Illuminate/Database/Console/Migrations/MigrateCommand.php:117
/Users/teamsolo/Documents/Dev/juanclinic/backend/vendor/laravel/framework/src/Illuminate/Database/Migrations/Migrator.php:658
/Users/teamsolo/Documents/Dev/juanclinic/backend/vendor/laravel/framework/src/Illuminate/Database/Console/Migrations/MigrateCommand.php:110
/Users/teamsolo/Documents/Dev/juanclinic/backend/vendor/laravel/framework/src/Illuminate/Database/Console/Migrations/MigrateCommand.php:89
/Users/teamsolo/Documents/Dev/juanclinic/backend/vendor/laravel/framework/src/Illuminate/Container/BoundMethod.php:36
/Users/teamsolo/Documents/Dev/juanclinic/backend/vendor/laravel/framework/src/Illuminate/Container/Util.php:43
/Users/teamsolo/Documents/Dev/juanclinic/backend/vendor/laravel/framework/src/Illuminate/Container/BoundMethod.php:95
/Users/teamsolo/Documents/Dev/juanclinic/backend/vendor/laravel/framework/src/Illuminate/Container/BoundMethod.php:35
/Users/teamsolo/Documents/Dev/juanclinic/backend/vendor/laravel/framework/src/Illuminate/Container/Container.php:696
/Users/teamsolo/Documents/Dev/juanclinic/backend/vendor/laravel/framework/src/Illuminate/Console/Command.php:213
/Users/teamsolo/Documents/Dev/juanclinic/backend/vendor/symfony/console/Command/Command.php:341
/Users/teamsolo/Documents/Dev/juanclinic/backend/vendor/laravel/framework/src/Illuminate/Console/Command.php:182
/Users/teamsolo/Documents/Dev/juanclinic/backend/vendor/laravel/framework/src/Illuminate/Console/Concerns/CallsCommands.php:68
/Users/teamsolo/Documents/Dev/juanclinic/backend/vendor/laravel/framework/src/Illuminate/Console/Concerns/CallsCommands.php:29
/Users/teamsolo/Documents/Dev/juanclinic/backend/vendor/laravel/framework/src/Illuminate/Database/Console/Migrations/FreshCommand.php:82
/Users/teamsolo/Documents/Dev/juanclinic/backend/vendor/laravel/framework/src/Illuminate/Container/BoundMethod.php:36
/Users/teamsolo/Documents/Dev/juanclinic/backend/vendor/laravel/framework/src/Illuminate/Container/Util.php:43
/Users/teamsolo/Documents/Dev/juanclinic/backend/vendor/laravel/framework/src/Illuminate/Container/BoundMethod.php:95
/Users/teamsolo/Documents/Dev/juanclinic/backend/vendor/laravel/framework/src/Illuminate/Container/BoundMethod.php:35
/Users/teamsolo/Documents/Dev/juanclinic/backend/vendor/laravel/framework/src/Illuminate/Container/Container.php:696
/Users/teamsolo/Documents/Dev/juanclinic/backend/vendor/laravel/framework/src/Illuminate/Console/Command.php:213
/Users/teamsolo/Documents/Dev/juanclinic/backend/vendor/symfony/console/Command/Command.php:341
/Users/teamsolo/Documents/Dev/juanclinic/backend/vendor/laravel/framework/src/Illuminate/Console/Command.php:182
/Users/teamsolo/Documents/Dev/juanclinic/backend/vendor/symfony/console/Application.php:1094
/Users/teamsolo/Documents/Dev/juanclinic/backend/vendor/symfony/console/Application.php:356
/Users/teamsolo/Documents/Dev/juanclinic/backend/vendor/symfony/console/Application.php:195
/Users/teamsolo/Documents/Dev/juanclinic/backend/vendor/laravel/framework/src/Illuminate/Console/Application.php:166
/Users/teamsolo/Documents/Dev/juanclinic/backend/vendor/laravel/framework/src/Illuminate/Foundation/Console/Kernel.php:427
/Users/teamsolo/Documents/Dev/juanclinic/backend/vendor/laravel/framework/src/Illuminate/Testing/PendingCommand.php:332
/Users/teamsolo/Documents/Dev/juanclinic/backend/vendor/laravel/framework/src/Illuminate/Testing/PendingCommand.php:556
/Users/teamsolo/Documents/Dev/juanclinic/backend/vendor/laravel/framework/src/Illuminate/Foundation/Testing/Concerns/InteractsWithConsole.php:87
/Users/teamsolo/Documents/Dev/juanclinic/backend/vendor/laravel/framework/src/Illuminate/Foundation/Testing/RefreshDatabase.php:66
/Users/teamsolo/Documents/Dev/juanclinic/backend/vendor/laravel/framework/src/Illuminate/Foundation/Testing/RefreshDatabase.php:25
/Users/teamsolo/Documents/Dev/juanclinic/backend/vendor/laravel/framework/src/Illuminate/Foundation/Testing/Concerns/InteractsWithTestCaseLifecycle.php:209
/Users/teamsolo/Documents/Dev/juanclinic/backend/vendor/laravel/framework/src/Illuminate/Foundation/Testing/Concerns/InteractsWithTestCaseLifecycle.php:97
/Users/teamsolo/Documents/Dev/juanclinic/backend/vendor/laravel/framework/src/Illuminate/Foundation/Testing/TestCase.php:44
/Users/teamsolo/Documents/Dev/juanclinic/backend/tests/Feature/TenantSecurityTest.php:22</error>
    </testcase>
    <testcase name="super_admin_can_list_all_tenants" file="/Users/teamsolo/Documents/Dev/juanclinic/backend/tests/Feature/TenantSecurityTest.php" line="59" class="Tests\Feature\TenantSecurityTest" classname="Tests.Feature.TenantSecurityTest" assertions="0" time="0.000000">
      <error type="Illuminate\Database\QueryException">Tests\Feature\TenantSecurityTest::super_admin_can_list_all_tenants
Illuminate\Database\QueryException: SQLSTATE[HY000]: General error: 1 near "MODIFY": syntax error (Connection: sqlite, SQL: ALTER TABLE diseases MODIFY COLUMN coding_system ENUM('ICD10', 'ICD10CM', 'ICD11', 'ICD11MMS', 'SNOMED', 'LOCAL') DEFAULT 'LOCAL')

/Users/teamsolo/Documents/Dev/juanclinic/backend/vendor/laravel/framework/src/Illuminate/Database/Connection.php:825
/Users/teamsolo/Documents/Dev/juanclinic/backend/vendor/laravel/framework/src/Illuminate/Database/Connection.php:779
/Users/teamsolo/Documents/Dev/juanclinic/backend/vendor/laravel/framework/src/Illuminate/Database/Connection.php:560
/Users/teamsolo/Documents/Dev/juanclinic/backend/vendor/laravel/framework/src/Illuminate/Database/DatabaseManager.php:495
/Users/teamsolo/Documents/Dev/juanclinic/backend/vendor/laravel/framework/src/Illuminate/Support/Facades/Facade.php:361
/Users/teamsolo/Documents/Dev/juanclinic/backend/database/migrations/2026_04_23_111300_enhance_diseases_table_v2.php:28
/Users/teamsolo/Documents/Dev/juanclinic/backend/vendor/laravel/framework/src/Illuminate/Database/Migrations/Migrator.php:507
/Users/teamsolo/Documents/Dev/juanclinic/backend/vendor/laravel/framework/src/Illuminate/Database/Migrations/Migrator.php:432
/Users/teamsolo/Documents/Dev/juanclinic/backend/vendor/laravel/framework/src/Illuminate/Database/Migrations/Migrator.php:441
/Users/teamsolo/Documents/Dev/juanclinic/backend/vendor/laravel/framework/src/Illuminate/Database/Migrations/Migrator.php:244
/Users/teamsolo/Documents/Dev/juanclinic/backend/vendor/laravel/framework/src/Illuminate/Console/View/Components/Task.php:40
/Users/teamsolo/Documents/Dev/juanclinic/backend/vendor/laravel/framework/src/Illuminate/Database/Migrations/Migrator.php:798
/Users/teamsolo/Documents/Dev/juanclinic/backend/vendor/laravel/framework/src/Illuminate/Database/Migrations/Migrator.php:244
/Users/teamsolo/Documents/Dev/juanclinic/backend/vendor/laravel/framework/src/Illuminate/Database/Migrations/Migrator.php:211
/Users/teamsolo/Documents/Dev/juanclinic/backend/vendor/laravel/framework/src/Illuminate/Database/Migrations/Migrator.php:138
/Users/teamsolo/Documents/Dev/juanclinic/backend/vendor/laravel/framework/src/Illuminate/Database/Console/Migrations/MigrateCommand.php:117
/Users/teamsolo/Documents/Dev/juanclinic/backend/vendor/laravel/framework/src/Illuminate/Database/Migrations/Migrator.php:658
/Users/teamsolo/Documents/Dev/juanclinic/backend/vendor/laravel/framework/src/Illuminate/Database/Console/Migrations/MigrateCommand.php:110
/Users/teamsolo/Documents/Dev/juanclinic/backend/vendor/laravel/framework/src/Illuminate/Database/Console/Migrations/MigrateCommand.php:89
/Users/teamsolo/Documents/Dev/juanclinic/backend/vendor/laravel/framework/src/Illuminate/Container/BoundMethod.php:36
/Users/teamsolo/Documents/Dev/juanclinic/backend/vendor/laravel/framework/src/Illuminate/Container/Util.php:43
/Users/teamsolo/Documents/Dev/juanclinic/backend/vendor/laravel/framework/src/Illuminate/Container/BoundMethod.php:95
/Users/teamsolo/Documents/Dev/juanclinic/backend/vendor/laravel/framework/src/Illuminate/Container/BoundMethod.php:35
/Users/teamsolo/Documents/Dev/juanclinic/backend/vendor/laravel/framework/src/Illuminate/Container/Container.php:696
/Users/teamsolo/Documents/Dev/juanclinic/backend/vendor/laravel/framework/src/Illuminate/Console/Command.php:213
/Users/teamsolo/Documents/Dev/juanclinic/backend/vendor/symfony/console/Command/Command.php:341
/Users/teamsolo/Documents/Dev/juanclinic/backend/vendor/laravel/framework/src/Illuminate/Console/Command.php:182
/Users/teamsolo/Documents/Dev/juanclinic/backend/vendor/laravel/framework/src/Illuminate/Console/Concerns/CallsCommands.php:68
/Users/teamsolo/Documents/Dev/juanclinic/backend/vendor/laravel/framework/src/Illuminate/Console/Concerns/CallsCommands.php:29
/Users/teamsolo/Documents/Dev/juanclinic/backend/vendor/laravel/framework/src/Illuminate/Database/Console/Migrations/FreshCommand.php:82
/Users/teamsolo/Documents/Dev/juanclinic/backend/vendor/laravel/framework/src/Illuminate/Container/BoundMethod.php:36
/Users/teamsolo/Documents/Dev/juanclinic/backend/vendor/laravel/framework/src/Illuminate/Container/Util.php:43
/Users/teamsolo/Documents/Dev/juanclinic/backend/vendor/laravel/framework/src/Illuminate/Container/BoundMethod.php:95
/Users/teamsolo/Documents/Dev/juanclinic/backend/vendor/laravel/framework/src/Illuminate/Container/BoundMethod.php:35
/Users/teamsolo/Documents/Dev/juanclinic/backend/vendor/laravel/framework/src/Illuminate/Container/Container.php:696
/Users/teamsolo/Documents/Dev/juanclinic/backend/vendor/laravel/framework/src/Illuminate/Console/Command.php:213
/Users/teamsolo/Documents/Dev/juanclinic/backend/vendor/symfony/console/Command/Command.php:341
/Users/teamsolo/Documents/Dev/juanclinic/backend/vendor/laravel/framework/src/Illuminate/Console/Command.php:182
/Users/teamsolo/Documents/Dev/juanclinic/backend/vendor/symfony/console/Application.php:1094
/Users/teamsolo/Documents/Dev/juanclinic/backend/vendor/symfony/console/Application.php:356
/Users/teamsolo/Documents/Dev/juanclinic/backend/vendor/symfony/console/Application.php:195
/Users/teamsolo/Documents/Dev/juanclinic/backend/vendor/laravel/framework/src/Illuminate/Console/Application.php:166
/Users/teamsolo/Documents/Dev/juanclinic/backend/vendor/laravel/framework/src/Illuminate/Foundation/Console/Kernel.php:427
/Users/teamsolo/Documents/Dev/juanclinic/backend/vendor/laravel/framework/src/Illuminate/Testing/PendingCommand.php:332
/Users/teamsolo/Documents/Dev/juanclinic/backend/vendor/laravel/framework/src/Illuminate/Testing/PendingCommand.php:556
/Users/teamsolo/Documents/Dev/juanclinic/backend/vendor/laravel/framework/src/Illuminate/Foundation/Testing/Concerns/InteractsWithConsole.php:87
/Users/teamsolo/Documents/Dev/juanclinic/backend/vendor/laravel/framework/src/Illuminate/Foundation/Testing/RefreshDatabase.php:66
/Users/teamsolo/Documents/Dev/juanclinic/backend/vendor/laravel/framework/src/Illuminate/Foundation/Testing/RefreshDatabase.php:25
/Users/teamsolo/Documents/Dev/juanclinic/backend/vendor/laravel/framework/src/Illuminate/Foundation/Testing/Concerns/InteractsWithTestCaseLifecycle.php:209
/Users/teamsolo/Documents/Dev/juanclinic/backend/vendor/laravel/framework/src/Illuminate/Foundation/Testing/Concerns/InteractsWithTestCaseLifecycle.php:97
/Users/teamsolo/Documents/Dev/juanclinic/backend/vendor/laravel/framework/src/Illuminate/Foundation/Testing/TestCase.php:44
/Users/teamsolo/Documents/Dev/juanclinic/backend/tests/Feature/TenantSecurityTest.php:22</error>
    </testcase>
    <testcase name="clinic_admin_can_only_see_their_own_tenant_in_index" file="/Users/teamsolo/Documents/Dev/juanclinic/backend/tests/Feature/TenantSecurityTest.php" line="67" class="Tests\Feature\TenantSecurityTest" classname="Tests.Feature.TenantSecurityTest" assertions="0" time="0.000000">
      <error type="Illuminate\Database\QueryException">Tests\Feature\TenantSecurityTest::clinic_admin_can_only_see_their_own_tenant_in_index
Illuminate\Database\QueryException: SQLSTATE[HY000]: General error: 1 near "MODIFY": syntax error (Connection: sqlite, SQL: ALTER TABLE diseases MODIFY COLUMN coding_system ENUM('ICD10', 'ICD10CM', 'ICD11', 'ICD11MMS', 'SNOMED', 'LOCAL') DEFAULT 'LOCAL')

/Users/teamsolo/Documents/Dev/juanclinic/backend/vendor/laravel/framework/src/Illuminate/Database/Connection.php:825
/Users/teamsolo/Documents/Dev/juanclinic/backend/vendor/laravel/framework/src/Illuminate/Database/Connection.php:779
/Users/teamsolo/Documents/Dev/juanclinic/backend/vendor/laravel/framework/src/Illuminate/Database/Connection.php:560
/Users/teamsolo/Documents/Dev/juanclinic/backend/vendor/laravel/framework/src/Illuminate/Database/DatabaseManager.php:495
/Users/teamsolo/Documents/Dev/juanclinic/backend/vendor/laravel/framework/src/Illuminate/Support/Facades/Facade.php:361
/Users/teamsolo/Documents/Dev/juanclinic/backend/database/migrations/2026_04_23_111300_enhance_diseases_table_v2.php:28
/Users/teamsolo/Documents/Dev/juanclinic/backend/vendor/laravel/framework/src/Illuminate/Database/Migrations/Migrator.php:507
/Users/teamsolo/Documents/Dev/juanclinic/backend/vendor/laravel/framework/src/Illuminate/Database/Migrations/Migrator.php:432
/Users/teamsolo/Documents/Dev/juanclinic/backend/vendor/laravel/framework/src/Illuminate/Database/Migrations/Migrator.php:441
/Users/teamsolo/Documents/Dev/juanclinic/backend/vendor/laravel/framework/src/Illuminate/Database/Migrations/Migrator.php:244
/Users/teamsolo/Documents/Dev/juanclinic/backend/vendor/laravel/framework/src/Illuminate/Console/View/Components/Task.php:40
/Users/teamsolo/Documents/Dev/juanclinic/backend/vendor/laravel/framework/src/Illuminate/Database/Migrations/Migrator.php:798
/Users/teamsolo/Documents/Dev/juanclinic/backend/vendor/laravel/framework/src/Illuminate/Database/Migrations/Migrator.php:244
/Users/teamsolo/Documents/Dev/juanclinic/backend/vendor/laravel/framework/src/Illuminate/Database/Migrations/Migrator.php:211
/Users/teamsolo/Documents/Dev/juanclinic/backend/vendor/laravel/framework/src/Illuminate/Database/Migrations/Migrator.php:138
/Users/teamsolo/Documents/Dev/juanclinic/backend/vendor/laravel/framework/src/Illuminate/Database/Console/Migrations/MigrateCommand.php:117
/Users/teamsolo/Documents/Dev/juanclinic/backend/vendor/laravel/framework/src/Illuminate/Database/Migrations/Migrator.php:658
/Users/teamsolo/Documents/Dev/juanclinic/backend/vendor/laravel/framework/src/Illuminate/Database/Console/Migrations/MigrateCommand.php:110
/Users/teamsolo/Documents/Dev/juanclinic/backend/vendor/laravel/framework/src/Illuminate/Database/Console/Migrations/MigrateCommand.php:89
/Users/teamsolo/Documents/Dev/juanclinic/backend/vendor/laravel/framework/src/Illuminate/Container/BoundMethod.php:36
/Users/teamsolo/Documents/Dev/juanclinic/backend/vendor/laravel/framework/src/Illuminate/Container/Util.php:43
/Users/teamsolo/Documents/Dev/juanclinic/backend/vendor/laravel/framework/src/Illuminate/Container/BoundMethod.php:95
/Users/teamsolo/Documents/Dev/juanclinic/backend/vendor/laravel/framework/src/Illuminate/Container/BoundMethod.php:35
/Users/teamsolo/Documents/Dev/juanclinic/backend/vendor/laravel/framework/src/Illuminate/Container/Container.php:696
/Users/teamsolo/Documents/Dev/juanclinic/backend/vendor/laravel/framework/src/Illuminate/Console/Command.php:213
/Users/teamsolo/Documents/Dev/juanclinic/backend/vendor/symfony/console/Command/Command.php:341
/Users/teamsolo/Documents/Dev/juanclinic/backend/vendor/laravel/framework/src/Illuminate/Console/Command.php:182
/Users/teamsolo/Documents/Dev/juanclinic/backend/vendor/laravel/framework/src/Illuminate/Console/Concerns/CallsCommands.php:68
/Users/teamsolo/Documents/Dev/juanclinic/backend/vendor/laravel/framework/src/Illuminate/Console/Concerns/CallsCommands.php:29
/Users/teamsolo/Documents/Dev/juanclinic/backend/vendor/laravel/framework/src/Illuminate/Database/Console/Migrations/FreshCommand.php:82
/Users/teamsolo/Documents/Dev/juanclinic/backend/vendor/laravel/framework/src/Illuminate/Container/BoundMethod.php:36
/Users/teamsolo/Documents/Dev/juanclinic/backend/vendor/laravel/framework/src/Illuminate/Container/Util.php:43
/Users/teamsolo/Documents/Dev/juanclinic/backend/vendor/laravel/framework/src/Illuminate/Container/BoundMethod.php:95
/Users/teamsolo/Documents/Dev/juanclinic/backend/vendor/laravel/framework/src/Illuminate/Container/BoundMethod.php:35
/Users/teamsolo/Documents/Dev/juanclinic/backend/vendor/laravel/framework/src/Illuminate/Container/Container.php:696
/Users/teamsolo/Documents/Dev/juanclinic/backend/vendor/laravel/framework/src/Illuminate/Console/Command.php:213
/Users/teamsolo/Documents/Dev/juanclinic/backend/vendor/symfony/console/Command/Command.php:341
/Users/teamsolo/Documents/Dev/juanclinic/backend/vendor/laravel/framework/src/Illuminate/Console/Command.php:182
/Users/teamsolo/Documents/Dev/juanclinic/backend/vendor/symfony/console/Application.php:1094
/Users/teamsolo/Documents/Dev/juanclinic/backend/vendor/symfony/console/Application.php:356
/Users/teamsolo/Documents/Dev/juanclinic/backend/vendor/symfony/console/Application.php:195
/Users/teamsolo/Documents/Dev/juanclinic/backend/vendor/laravel/framework/src/Illuminate/Console/Application.php:166
/Users/teamsolo/Documents/Dev/juanclinic/backend/vendor/laravel/framework/src/Illuminate/Foundation/Console/Kernel.php:427
/Users/teamsolo/Documents/Dev/juanclinic/backend/vendor/laravel/framework/src/Illuminate/Testing/PendingCommand.php:332
/Users/teamsolo/Documents/Dev/juanclinic/backend/vendor/laravel/framework/src/Illuminate/Testing/PendingCommand.php:556
/Users/teamsolo/Documents/Dev/juanclinic/backend/vendor/laravel/framework/src/Illuminate/Foundation/Testing/Concerns/InteractsWithConsole.php:87
/Users/teamsolo/Documents/Dev/juanclinic/backend/vendor/laravel/framework/src/Illuminate/Foundation/Testing/RefreshDatabase.php:66
/Users/teamsolo/Documents/Dev/juanclinic/backend/vendor/laravel/framework/src/Illuminate/Foundation/Testing/RefreshDatabase.php:25
/Users/teamsolo/Documents/Dev/juanclinic/backend/vendor/laravel/framework/src/Illuminate/Foundation/Testing/Concerns/InteractsWithTestCaseLifecycle.php:209
/Users/teamsolo/Documents/Dev/juanclinic/backend/vendor/laravel/framework/src/Illuminate/Foundation/Testing/Concerns/InteractsWithTestCaseLifecycle.php:97
/Users/teamsolo/Documents/Dev/juanclinic/backend/vendor/laravel/framework/src/Illuminate/Foundation/Testing/TestCase.php:44
/Users/teamsolo/Documents/Dev/juanclinic/backend/tests/Feature/TenantSecurityTest.php:22</error>
    </testcase>
    <testcase name="clinic_admin_can_view_their_own_tenant_details" file="/Users/teamsolo/Documents/Dev/juanclinic/backend/tests/Feature/TenantSecurityTest.php" line="77" class="Tests\Feature\TenantSecurityTest" classname="Tests.Feature.TenantSecurityTest" assertions="0" time="0.000000">
      <error type="Illuminate\Database\QueryException">Tests\Feature\TenantSecurityTest::clinic_admin_can_view_their_own_tenant_details
Illuminate\Database\QueryException: SQLSTATE[HY000]: General error: 1 near "MODIFY": syntax error (Connection: sqlite, SQL: ALTER TABLE diseases MODIFY COLUMN coding_system ENUM('ICD10', 'ICD10CM', 'ICD11', 'ICD11MMS', 'SNOMED', 'LOCAL') DEFAULT 'LOCAL')

/Users/teamsolo/Documents/Dev/juanclinic/backend/vendor/laravel/framework/src/Illuminate/Database/Connection.php:825
/Users/teamsolo/Documents/Dev/juanclinic/backend/vendor/laravel/framework/src/Illuminate/Database/Connection.php:779
/Users/teamsolo/Documents/Dev/juanclinic/backend/vendor/laravel/framework/src/Illuminate/Database/Connection.php:560
/Users/teamsolo/Documents/Dev/juanclinic/backend/vendor/laravel/framework/src/Illuminate/Database/DatabaseManager.php:495
/Users/teamsolo/Documents/Dev/juanclinic/backend/vendor/laravel/framework/src/Illuminate/Support/Facades/Facade.php:361
/Users/teamsolo/Documents/Dev/juanclinic/backend/database/migrations/2026_04_23_111300_enhance_diseases_table_v2.php:28
/Users/teamsolo/Documents/Dev/juanclinic/backend/vendor/laravel/framework/src/Illuminate/Database/Migrations/Migrator.php:507
/Users/teamsolo/Documents/Dev/juanclinic/backend/vendor/laravel/framework/src/Illuminate/Database/Migrations/Migrator.php:432
/Users/teamsolo/Documents/Dev/juanclinic/backend/vendor/laravel/framework/src/Illuminate/Database/Migrations/Migrator.php:441
/Users/teamsolo/Documents/Dev/juanclinic/backend/vendor/laravel/framework/src/Illuminate/Database/Migrations/Migrator.php:244
/Users/teamsolo/Documents/Dev/juanclinic/backend/vendor/laravel/framework/src/Illuminate/Console/View/Components/Task.php:40
/Users/teamsolo/Documents/Dev/juanclinic/backend/vendor/laravel/framework/src/Illuminate/Database/Migrations/Migrator.php:798
/Users/teamsolo/Documents/Dev/juanclinic/backend/vendor/laravel/framework/src/Illuminate/Database/Migrations/Migrator.php:244
/Users/teamsolo/Documents/Dev/juanclinic/backend/vendor/laravel/framework/src/Illuminate/Database/Migrations/Migrator.php:211
/Users/teamsolo/Documents/Dev/juanclinic/backend/vendor/laravel/framework/src/Illuminate/Database/Migrations/Migrator.php:138
/Users/teamsolo/Documents/Dev/juanclinic/backend/vendor/laravel/framework/src/Illuminate/Database/Console/Migrations/MigrateCommand.php:117
/Users/teamsolo/Documents/Dev/juanclinic/backend/vendor/laravel/framework/src/Illuminate/Database/Migrations/Migrator.php:658
/Users/teamsolo/Documents/Dev/juanclinic/backend/vendor/laravel/framework/src/Illuminate/Database/Console/Migrations/MigrateCommand.php:110
/Users/teamsolo/Documents/Dev/juanclinic/backend/vendor/laravel/framework/src/Illuminate/Database/Console/Migrations/MigrateCommand.php:89
/Users/teamsolo/Documents/Dev/juanclinic/backend/vendor/laravel/framework/src/Illuminate/Container/BoundMethod.php:36
/Users/teamsolo/Documents/Dev/juanclinic/backend/vendor/laravel/framework/src/Illuminate/Container/Util.php:43
/Users/teamsolo/Documents/Dev/juanclinic/backend/vendor/laravel/framework/src/Illuminate/Container/BoundMethod.php:95
/Users/teamsolo/Documents/Dev/juanclinic/backend/vendor/laravel/framework/src/Illuminate/Container/BoundMethod.php:35
/Users/teamsolo/Documents/Dev/juanclinic/backend/vendor/laravel/framework/src/Illuminate/Container/Container.php:696
/Users/teamsolo/Documents/Dev/juanclinic/backend/vendor/laravel/framework/src/Illuminate/Console/Command.php:213
/Users/teamsolo/Documents/Dev/juanclinic/backend/vendor/symfony/console/Command/Command.php:341
/Users/teamsolo/Documents/Dev/juanclinic/backend/vendor/laravel/framework/src/Illuminate/Console/Command.php:182
/Users/teamsolo/Documents/Dev/juanclinic/backend/vendor/laravel/framework/src/Illuminate/Console/Concerns/CallsCommands.php:68
/Users/teamsolo/Documents/Dev/juanclinic/backend/vendor/laravel/framework/src/Illuminate/Console/Concerns/CallsCommands.php:29
/Users/teamsolo/Documents/Dev/juanclinic/backend/vendor/laravel/framework/src/Illuminate/Database/Console/Migrations/FreshCommand.php:82
/Users/teamsolo/Documents/Dev/juanclinic/backend/vendor/laravel/framework/src/Illuminate/Container/BoundMethod.php:36
/Users/teamsolo/Documents/Dev/juanclinic/backend/vendor/laravel/framework/src/Illuminate/Container/Util.php:43
/Users/teamsolo/Documents/Dev/juanclinic/backend/vendor/laravel/framework/src/Illuminate/Container/BoundMethod.php:95
/Users/teamsolo/Documents/Dev/juanclinic/backend/vendor/laravel/framework/src/Illuminate/Container/BoundMethod.php:35
/Users/teamsolo/Documents/Dev/juanclinic/backend/vendor/laravel/framework/src/Illuminate/Container/Container.php:696
/Users/teamsolo/Documents/Dev/juanclinic/backend/vendor/laravel/framework/src/Illuminate/Console/Command.php:213
/Users/teamsolo/Documents/Dev/juanclinic/backend/vendor/symfony/console/Command/Command.php:341
/Users/teamsolo/Documents/Dev/juanclinic/backend/vendor/laravel/framework/src/Illuminate/Console/Command.php:182
/Users/teamsolo/Documents/Dev/juanclinic/backend/vendor/symfony/console/Application.php:1094
/Users/teamsolo/Documents/Dev/juanclinic/backend/vendor/symfony/console/Application.php:356
/Users/teamsolo/Documents/Dev/juanclinic/backend/vendor/symfony/console/Application.php:195
/Users/teamsolo/Documents/Dev/juanclinic/backend/vendor/laravel/framework/src/Illuminate/Console/Application.php:166
/Users/teamsolo/Documents/Dev/juanclinic/backend/vendor/laravel/framework/src/Illuminate/Foundation/Console/Kernel.php:427
/Users/teamsolo/Documents/Dev/juanclinic/backend/vendor/laravel/framework/src/Illuminate/Testing/PendingCommand.php:332
/Users/teamsolo/Documents/Dev/juanclinic/backend/vendor/laravel/framework/src/Illuminate/Testing/PendingCommand.php:556
/Users/teamsolo/Documents/Dev/juanclinic/backend/vendor/laravel/framework/src/Illuminate/Foundation/Testing/Concerns/InteractsWithConsole.php:87
/Users/teamsolo/Documents/Dev/juanclinic/backend/vendor/laravel/framework/src/Illuminate/Foundation/Testing/RefreshDatabase.php:66
/Users/teamsolo/Documents/Dev/juanclinic/backend/vendor/laravel/framework/src/Illuminate/Foundation/Testing/RefreshDatabase.php:25
/Users/teamsolo/Documents/Dev/juanclinic/backend/vendor/laravel/framework/src/Illuminate/Foundation/Testing/Concerns/InteractsWithTestCaseLifecycle.php:209
/Users/teamsolo/Documents/Dev/juanclinic/backend/vendor/laravel/framework/src/Illuminate/Foundation/Testing/Concerns/InteractsWithTestCaseLifecycle.php:97
/Users/teamsolo/Documents/Dev/juanclinic/backend/vendor/laravel/framework/src/Illuminate/Foundation/Testing/TestCase.php:44
/Users/teamsolo/Documents/Dev/juanclinic/backend/tests/Feature/TenantSecurityTest.php:22</error>
    </testcase>
    <testcase name="clinic_admin_cannot_view_another_tenant_details" file="/Users/teamsolo/Documents/Dev/juanclinic/backend/tests/Feature/TenantSecurityTest.php" line="85" class="Tests\Feature\TenantSecurityTest" classname="Tests.Feature.TenantSecurityTest" assertions="0" time="0.000000">
      <error type="Illuminate\Database\QueryException">Tests\Feature\TenantSecurityTest::clinic_admin_cannot_view_another_tenant_details
Illuminate\Database\QueryException: SQLSTATE[HY000]: General error: 1 near "MODIFY": syntax error (Connection: sqlite, SQL: ALTER TABLE diseases MODIFY COLUMN coding_system ENUM('ICD10', 'ICD10CM', 'ICD11', 'ICD11MMS', 'SNOMED', 'LOCAL') DEFAULT 'LOCAL')

/Users/teamsolo/Documents/Dev/juanclinic/backend/vendor/laravel/framework/src/Illuminate/Database/Connection.php:825
/Users/teamsolo/Documents/Dev/juanclinic/backend/vendor/laravel/framework/src/Illuminate/Database/Connection.php:779
/Users/teamsolo/Documents/Dev/juanclinic/backend/vendor/laravel/framework/src/Illuminate/Database/Connection.php:560
/Users/teamsolo/Documents/Dev/juanclinic/backend/vendor/laravel/framework/src/Illuminate/Database/DatabaseManager.php:495
/Users/teamsolo/Documents/Dev/juanclinic/backend/vendor/laravel/framework/src/Illuminate/Support/Facades/Facade.php:361
/Users/teamsolo/Documents/Dev/juanclinic/backend/database/migrations/2026_04_23_111300_enhance_diseases_table_v2.php:28
/Users/teamsolo/Documents/Dev/juanclinic/backend/vendor/laravel/framework/src/Illuminate/Database/Migrations/Migrator.php:507
/Users/teamsolo/Documents/Dev/juanclinic/backend/vendor/laravel/framework/src/Illuminate/Database/Migrations/Migrator.php:432
/Users/teamsolo/Documents/Dev/juanclinic/backend/vendor/laravel/framework/src/Illuminate/Database/Migrations/Migrator.php:441
/Users/teamsolo/Documents/Dev/juanclinic/backend/vendor/laravel/framework/src/Illuminate/Database/Migrations/Migrator.php:244
/Users/teamsolo/Documents/Dev/juanclinic/backend/vendor/laravel/framework/src/Illuminate/Console/View/Components/Task.php:40
/Users/teamsolo/Documents/Dev/juanclinic/backend/vendor/laravel/framework/src/Illuminate/Database/Migrations/Migrator.php:798
/Users/teamsolo/Documents/Dev/juanclinic/backend/vendor/laravel/framework/src/Illuminate/Database/Migrations/Migrator.php:244
/Users/teamsolo/Documents/Dev/juanclinic/backend/vendor/laravel/framework/src/Illuminate/Database/Migrations/Migrator.php:211
/Users/teamsolo/Documents/Dev/juanclinic/backend/vendor/laravel/framework/src/Illuminate/Database/Migrations/Migrator.php:138
/Users/teamsolo/Documents/Dev/juanclinic/backend/vendor/laravel/framework/src/Illuminate/Database/Console/Migrations/MigrateCommand.php:117
/Users/teamsolo/Documents/Dev/juanclinic/backend/vendor/laravel/framework/src/Illuminate/Database/Migrations/Migrator.php:658
/Users/teamsolo/Documents/Dev/juanclinic/backend/vendor/laravel/framework/src/Illuminate/Database/Console/Migrations/MigrateCommand.php:110
/Users/teamsolo/Documents/Dev/juanclinic/backend/vendor/laravel/framework/src/Illuminate/Database/Console/Migrations/MigrateCommand.php:89
/Users/teamsolo/Documents/Dev/juanclinic/backend/vendor/laravel/framework/src/Illuminate/Container/BoundMethod.php:36
/Users/teamsolo/Documents/Dev/juanclinic/backend/vendor/laravel/framework/src/Illuminate/Container/Util.php:43
/Users/teamsolo/Documents/Dev/juanclinic/backend/vendor/laravel/framework/src/Illuminate/Container/BoundMethod.php:95
/Users/teamsolo/Documents/Dev/juanclinic/backend/vendor/laravel/framework/src/Illuminate/Container/BoundMethod.php:35
/Users/teamsolo/Documents/Dev/juanclinic/backend/vendor/laravel/framework/src/Illuminate/Container/Container.php:696
/Users/teamsolo/Documents/Dev/juanclinic/backend/vendor/laravel/framework/src/Illuminate/Console/Command.php:213
/Users/teamsolo/Documents/Dev/juanclinic/backend/vendor/symfony/console/Command/Command.php:341
/Users/teamsolo/Documents/Dev/juanclinic/backend/vendor/laravel/framework/src/Illuminate/Console/Command.php:182
/Users/teamsolo/Documents/Dev/juanclinic/backend/vendor/laravel/framework/src/Illuminate/Console/Concerns/CallsCommands.php:68
/Users/teamsolo/Documents/Dev/juanclinic/backend/vendor/laravel/framework/src/Illuminate/Console/Concerns/CallsCommands.php:29
/Users/teamsolo/Documents/Dev/juanclinic/backend/vendor/laravel/framework/src/Illuminate/Database/Console/Migrations/FreshCommand.php:82
/Users/teamsolo/Documents/Dev/juanclinic/backend/vendor/laravel/framework/src/Illuminate/Container/BoundMethod.php:36
/Users/teamsolo/Documents/Dev/juanclinic/backend/vendor/laravel/framework/src/Illuminate/Container/Util.php:43
/Users/teamsolo/Documents/Dev/juanclinic/backend/vendor/laravel/framework/src/Illuminate/Container/BoundMethod.php:95
/Users/teamsolo/Documents/Dev/juanclinic/backend/vendor/laravel/framework/src/Illuminate/Container/BoundMethod.php:35
/Users/teamsolo/Documents/Dev/juanclinic/backend/vendor/laravel/framework/src/Illuminate/Container/Container.php:696
/Users/teamsolo/Documents/Dev/juanclinic/backend/vendor/laravel/framework/src/Illuminate/Console/Command.php:213
/Users/teamsolo/Documents/Dev/juanclinic/backend/vendor/symfony/console/Command/Command.php:341
/Users/teamsolo/Documents/Dev/juanclinic/backend/vendor/laravel/framework/src/Illuminate/Console/Command.php:182
/Users/teamsolo/Documents/Dev/juanclinic/backend/vendor/symfony/console/Application.php:1094
/Users/teamsolo/Documents/Dev/juanclinic/backend/vendor/symfony/console/Application.php:356
/Users/teamsolo/Documents/Dev/juanclinic/backend/vendor/symfony/console/Application.php:195
/Users/teamsolo/Documents/Dev/juanclinic/backend/vendor/laravel/framework/src/Illuminate/Console/Application.php:166
/Users/teamsolo/Documents/Dev/juanclinic/backend/vendor/laravel/framework/src/Illuminate/Foundation/Console/Kernel.php:427
/Users/teamsolo/Documents/Dev/juanclinic/backend/vendor/laravel/framework/src/Illuminate/Testing/PendingCommand.php:332
/Users/teamsolo/Documents/Dev/juanclinic/backend/vendor/laravel/framework/src/Illuminate/Testing/PendingCommand.php:556
/Users/teamsolo/Documents/Dev/juanclinic/backend/vendor/laravel/framework/src/Illuminate/Foundation/Testing/Concerns/InteractsWithConsole.php:87
/Users/teamsolo/Documents/Dev/juanclinic/backend/vendor/laravel/framework/src/Illuminate/Foundation/Testing/RefreshDatabase.php:66
/Users/teamsolo/Documents/Dev/juanclinic/backend/vendor/laravel/framework/src/Illuminate/Foundation/Testing/RefreshDatabase.php:25
/Users/teamsolo/Documents/Dev/juanclinic/backend/vendor/laravel/framework/src/Illuminate/Foundation/Testing/Concerns/InteractsWithTestCaseLifecycle.php:209
/Users/teamsolo/Documents/Dev/juanclinic/backend/vendor/laravel/framework/src/Illuminate/Foundation/Testing/Concerns/InteractsWithTestCaseLifecycle.php:97
/Users/teamsolo/Documents/Dev/juanclinic/backend/vendor/laravel/framework/src/Illuminate/Foundation/Testing/TestCase.php:44
/Users/teamsolo/Documents/Dev/juanclinic/backend/tests/Feature/TenantSecurityTest.php:22</error>
    </testcase>
    <testcase name="clinic_admin_can_update_their_own_tenant_profile" file="/Users/teamsolo/Documents/Dev/juanclinic/backend/tests/Feature/TenantSecurityTest.php" line="92" class="Tests\Feature\TenantSecurityTest" classname="Tests.Feature.TenantSecurityTest" assertions="0" time="0.000000">
      <error type="Illuminate\Database\QueryException">Tests\Feature\TenantSecurityTest::clinic_admin_can_update_their_own_tenant_profile
Illuminate\Database\QueryException: SQLSTATE[HY000]: General error: 1 near "MODIFY": syntax error (Connection: sqlite, SQL: ALTER TABLE diseases MODIFY COLUMN coding_system ENUM('ICD10', 'ICD10CM', 'ICD11', 'ICD11MMS', 'SNOMED', 'LOCAL') DEFAULT 'LOCAL')

/Users/teamsolo/Documents/Dev/juanclinic/backend/vendor/laravel/framework/src/Illuminate/Database/Connection.php:825
/Users/teamsolo/Documents/Dev/juanclinic/backend/vendor/laravel/framework/src/Illuminate/Database/Connection.php:779
/Users/teamsolo/Documents/Dev/juanclinic/backend/vendor/laravel/framework/src/Illuminate/Database/Connection.php:560
/Users/teamsolo/Documents/Dev/juanclinic/backend/vendor/laravel/framework/src/Illuminate/Database/DatabaseManager.php:495
/Users/teamsolo/Documents/Dev/juanclinic/backend/vendor/laravel/framework/src/Illuminate/Support/Facades/Facade.php:361
/Users/teamsolo/Documents/Dev/juanclinic/backend/database/migrations/2026_04_23_111300_enhance_diseases_table_v2.php:28
/Users/teamsolo/Documents/Dev/juanclinic/backend/vendor/laravel/framework/src/Illuminate/Database/Migrations/Migrator.php:507
/Users/teamsolo/Documents/Dev/juanclinic/backend/vendor/laravel/framework/src/Illuminate/Database/Migrations/Migrator.php:432
/Users/teamsolo/Documents/Dev/juanclinic/backend/vendor/laravel/framework/src/Illuminate/Database/Migrations/Migrator.php:441
/Users/teamsolo/Documents/Dev/juanclinic/backend/vendor/laravel/framework/src/Illuminate/Database/Migrations/Migrator.php:244
/Users/teamsolo/Documents/Dev/juanclinic/backend/vendor/laravel/framework/src/Illuminate/Console/View/Components/Task.php:40
/Users/teamsolo/Documents/Dev/juanclinic/backend/vendor/laravel/framework/src/Illuminate/Database/Migrations/Migrator.php:798
/Users/teamsolo/Documents/Dev/juanclinic/backend/vendor/laravel/framework/src/Illuminate/Database/Migrations/Migrator.php:244
/Users/teamsolo/Documents/Dev/juanclinic/backend/vendor/laravel/framework/src/Illuminate/Database/Migrations/Migrator.php:211
/Users/teamsolo/Documents/Dev/juanclinic/backend/vendor/laravel/framework/src/Illuminate/Database/Migrations/Migrator.php:138
/Users/teamsolo/Documents/Dev/juanclinic/backend/vendor/laravel/framework/src/Illuminate/Database/Console/Migrations/MigrateCommand.php:117
/Users/teamsolo/Documents/Dev/juanclinic/backend/vendor/laravel/framework/src/Illuminate/Database/Migrations/Migrator.php:658
/Users/teamsolo/Documents/Dev/juanclinic/backend/vendor/laravel/framework/src/Illuminate/Database/Console/Migrations/MigrateCommand.php:110
/Users/teamsolo/Documents/Dev/juanclinic/backend/vendor/laravel/framework/src/Illuminate/Database/Console/Migrations/MigrateCommand.php:89
/Users/teamsolo/Documents/Dev/juanclinic/backend/vendor/laravel/framework/src/Illuminate/Container/BoundMethod.php:36
/Users/teamsolo/Documents/Dev/juanclinic/backend/vendor/laravel/framework/src/Illuminate/Container/Util.php:43
/Users/teamsolo/Documents/Dev/juanclinic/backend/vendor/laravel/framework/src/Illuminate/Container/BoundMethod.php:95
/Users/teamsolo/Documents/Dev/juanclinic/backend/vendor/laravel/framework/src/Illuminate/Container/BoundMethod.php:35
/Users/teamsolo/Documents/Dev/juanclinic/backend/vendor/laravel/framework/src/Illuminate/Container/Container.php:696
/Users/teamsolo/Documents/Dev/juanclinic/backend/vendor/laravel/framework/src/Illuminate/Console/Command.php:213
/Users/teamsolo/Documents/Dev/juanclinic/backend/vendor/symfony/console/Command/Command.php:341
/Users/teamsolo/Documents/Dev/juanclinic/backend/vendor/laravel/framework/src/Illuminate/Console/Command.php:182
/Users/teamsolo/Documents/Dev/juanclinic/backend/vendor/laravel/framework/src/Illuminate/Console/Concerns/CallsCommands.php:68
/Users/teamsolo/Documents/Dev/juanclinic/backend/vendor/laravel/framework/src/Illuminate/Console/Concerns/CallsCommands.php:29
/Users/teamsolo/Documents/Dev/juanclinic/backend/vendor/laravel/framework/src/Illuminate/Database/Console/Migrations/FreshCommand.php:82
/Users/teamsolo/Documents/Dev/juanclinic/backend/vendor/laravel/framework/src/Illuminate/Container/BoundMethod.php:36
/Users/teamsolo/Documents/Dev/juanclinic/backend/vendor/laravel/framework/src/Illuminate/Container/Util.php:43
/Users/teamsolo/Documents/Dev/juanclinic/backend/vendor/laravel/framework/src/Illuminate/Container/BoundMethod.php:95
/Users/teamsolo/Documents/Dev/juanclinic/backend/vendor/laravel/framework/src/Illuminate/Container/BoundMethod.php:35
/Users/teamsolo/Documents/Dev/juanclinic/backend/vendor/laravel/framework/src/Illuminate/Container/Container.php:696
/Users/teamsolo/Documents/Dev/juanclinic/backend/vendor/laravel/framework/src/Illuminate/Console/Command.php:213
/Users/teamsolo/Documents/Dev/juanclinic/backend/vendor/symfony/console/Command/Command.php:341
/Users/teamsolo/Documents/Dev/juanclinic/backend/vendor/laravel/framework/src/Illuminate/Console/Command.php:182
/Users/teamsolo/Documents/Dev/juanclinic/backend/vendor/symfony/console/Application.php:1094
/Users/teamsolo/Documents/Dev/juanclinic/backend/vendor/symfony/console/Application.php:356
/Users/teamsolo/Documents/Dev/juanclinic/backend/vendor/symfony/console/Application.php:195
/Users/teamsolo/Documents/Dev/juanclinic/backend/vendor/laravel/framework/src/Illuminate/Console/Application.php:166
/Users/teamsolo/Documents/Dev/juanclinic/backend/vendor/laravel/framework/src/Illuminate/Foundation/Console/Kernel.php:427
/Users/teamsolo/Documents/Dev/juanclinic/backend/vendor/laravel/framework/src/Illuminate/Testing/PendingCommand.php:332
/Users/teamsolo/Documents/Dev/juanclinic/backend/vendor/laravel/framework/src/Illuminate/Testing/PendingCommand.php:556
/Users/teamsolo/Documents/Dev/juanclinic/backend/vendor/laravel/framework/src/Illuminate/Foundation/Testing/Concerns/InteractsWithConsole.php:87
/Users/teamsolo/Documents/Dev/juanclinic/backend/vendor/laravel/framework/src/Illuminate/Foundation/Testing/RefreshDatabase.php:66
/Users/teamsolo/Documents/Dev/juanclinic/backend/vendor/laravel/framework/src/Illuminate/Foundation/Testing/RefreshDatabase.php:25
/Users/teamsolo/Documents/Dev/juanclinic/backend/vendor/laravel/framework/src/Illuminate/Foundation/Testing/Concerns/InteractsWithTestCaseLifecycle.php:209
/Users/teamsolo/Documents/Dev/juanclinic/backend/vendor/laravel/framework/src/Illuminate/Foundation/Testing/Concerns/InteractsWithTestCaseLifecycle.php:97
/Users/teamsolo/Documents/Dev/juanclinic/backend/vendor/laravel/framework/src/Illuminate/Foundation/Testing/TestCase.php:44
/Users/teamsolo/Documents/Dev/juanclinic/backend/tests/Feature/TenantSecurityTest.php:22</error>
    </testcase>
    <testcase name="clinic_admin_cannot_update_another_tenant" file="/Users/teamsolo/Documents/Dev/juanclinic/backend/tests/Feature/TenantSecurityTest.php" line="108" class="Tests\Feature\TenantSecurityTest" classname="Tests.Feature.TenantSecurityTest" assertions="0" time="0.000000">
      <error type="Illuminate\Database\QueryException">Tests\Feature\TenantSecurityTest::clinic_admin_cannot_update_another_tenant
Illuminate\Database\QueryException: SQLSTATE[HY000]: General error: 1 near "MODIFY": syntax error (Connection: sqlite, SQL: ALTER TABLE diseases MODIFY COLUMN coding_system ENUM('ICD10', 'ICD10CM', 'ICD11', 'ICD11MMS', 'SNOMED', 'LOCAL') DEFAULT 'LOCAL')

/Users/teamsolo/Documents/Dev/juanclinic/backend/vendor/laravel/framework/src/Illuminate/Database/Connection.php:825
/Users/teamsolo/Documents/Dev/juanclinic/backend/vendor/laravel/framework/src/Illuminate/Database/Connection.php:779
/Users/teamsolo/Documents/Dev/juanclinic/backend/vendor/laravel/framework/src/Illuminate/Database/Connection.php:560
/Users/teamsolo/Documents/Dev/juanclinic/backend/vendor/laravel/framework/src/Illuminate/Database/DatabaseManager.php:495
/Users/teamsolo/Documents/Dev/juanclinic/backend/vendor/laravel/framework/src/Illuminate/Support/Facades/Facade.php:361
/Users/teamsolo/Documents/Dev/juanclinic/backend/database/migrations/2026_04_23_111300_enhance_diseases_table_v2.php:28
/Users/teamsolo/Documents/Dev/juanclinic/backend/vendor/laravel/framework/src/Illuminate/Database/Migrations/Migrator.php:507
/Users/teamsolo/Documents/Dev/juanclinic/backend/vendor/laravel/framework/src/Illuminate/Database/Migrations/Migrator.php:432
/Users/teamsolo/Documents/Dev/juanclinic/backend/vendor/laravel/framework/src/Illuminate/Database/Migrations/Migrator.php:441
/Users/teamsolo/Documents/Dev/juanclinic/backend/vendor/laravel/framework/src/Illuminate/Database/Migrations/Migrator.php:244
/Users/teamsolo/Documents/Dev/juanclinic/backend/vendor/laravel/framework/src/Illuminate/Console/View/Components/Task.php:40
/Users/teamsolo/Documents/Dev/juanclinic/backend/vendor/laravel/framework/src/Illuminate/Database/Migrations/Migrator.php:798
/Users/teamsolo/Documents/Dev/juanclinic/backend/vendor/laravel/framework/src/Illuminate/Database/Migrations/Migrator.php:244
/Users/teamsolo/Documents/Dev/juanclinic/backend/vendor/laravel/framework/src/Illuminate/Database/Migrations/Migrator.php:211
/Users/teamsolo/Documents/Dev/juanclinic/backend/vendor/laravel/framework/src/Illuminate/Database/Migrations/Migrator.php:138
/Users/teamsolo/Documents/Dev/juanclinic/backend/vendor/laravel/framework/src/Illuminate/Database/Console/Migrations/MigrateCommand.php:117
/Users/teamsolo/Documents/Dev/juanclinic/backend/vendor/laravel/framework/src/Illuminate/Database/Migrations/Migrator.php:658
/Users/teamsolo/Documents/Dev/juanclinic/backend/vendor/laravel/framework/src/Illuminate/Database/Console/Migrations/MigrateCommand.php:110
/Users/teamsolo/Documents/Dev/juanclinic/backend/vendor/laravel/framework/src/Illuminate/Database/Console/Migrations/MigrateCommand.php:89
/Users/teamsolo/Documents/Dev/juanclinic/backend/vendor/laravel/framework/src/Illuminate/Container/BoundMethod.php:36
/Users/teamsolo/Documents/Dev/juanclinic/backend/vendor/laravel/framework/src/Illuminate/Container/Util.php:43
/Users/teamsolo/Documents/Dev/juanclinic/backend/vendor/laravel/framework/src/Illuminate/Container/BoundMethod.php:95
/Users/teamsolo/Documents/Dev/juanclinic/backend/vendor/laravel/framework/src/Illuminate/Container/BoundMethod.php:35
/Users/teamsolo/Documents/Dev/juanclinic/backend/vendor/laravel/framework/src/Illuminate/Container/Container.php:696
/Users/teamsolo/Documents/Dev/juanclinic/backend/vendor/laravel/framework/src/Illuminate/Console/Command.php:213
/Users/teamsolo/Documents/Dev/juanclinic/backend/vendor/symfony/console/Command/Command.php:341
/Users/teamsolo/Documents/Dev/juanclinic/backend/vendor/laravel/framework/src/Illuminate/Console/Command.php:182
/Users/teamsolo/Documents/Dev/juanclinic/backend/vendor/laravel/framework/src/Illuminate/Console/Concerns/CallsCommands.php:68
/Users/teamsolo/Documents/Dev/juanclinic/backend/vendor/laravel/framework/src/Illuminate/Console/Concerns/CallsCommands.php:29
/Users/teamsolo/Documents/Dev/juanclinic/backend/vendor/laravel/framework/src/Illuminate/Database/Console/Migrations/FreshCommand.php:82
/Users/teamsolo/Documents/Dev/juanclinic/backend/vendor/laravel/framework/src/Illuminate/Container/BoundMethod.php:36
/Users/teamsolo/Documents/Dev/juanclinic/backend/vendor/laravel/framework/src/Illuminate/Container/Util.php:43
/Users/teamsolo/Documents/Dev/juanclinic/backend/vendor/laravel/framework/src/Illuminate/Container/BoundMethod.php:95
/Users/teamsolo/Documents/Dev/juanclinic/backend/vendor/laravel/framework/src/Illuminate/Container/BoundMethod.php:35
/Users/teamsolo/Documents/Dev/juanclinic/backend/vendor/laravel/framework/src/Illuminate/Container/Container.php:696
/Users/teamsolo/Documents/Dev/juanclinic/backend/vendor/laravel/framework/src/Illuminate/Console/Command.php:213
/Users/teamsolo/Documents/Dev/juanclinic/backend/vendor/symfony/console/Command/Command.php:341
/Users/teamsolo/Documents/Dev/juanclinic/backend/vendor/laravel/framework/src/Illuminate/Console/Command.php:182
/Users/teamsolo/Documents/Dev/juanclinic/backend/vendor/symfony/console/Application.php:1094
/Users/teamsolo/Documents/Dev/juanclinic/backend/vendor/symfony/console/Application.php:356
/Users/teamsolo/Documents/Dev/juanclinic/backend/vendor/symfony/console/Application.php:195
/Users/teamsolo/Documents/Dev/juanclinic/backend/vendor/laravel/framework/src/Illuminate/Console/Application.php:166
/Users/teamsolo/Documents/Dev/juanclinic/backend/vendor/laravel/framework/src/Illuminate/Foundation/Console/Kernel.php:427
/Users/teamsolo/Documents/Dev/juanclinic/backend/vendor/laravel/framework/src/Illuminate/Testing/PendingCommand.php:332
/Users/teamsolo/Documents/Dev/juanclinic/backend/vendor/laravel/framework/src/Illuminate/Testing/PendingCommand.php:556
/Users/teamsolo/Documents/Dev/juanclinic/backend/vendor/laravel/framework/src/Illuminate/Foundation/Testing/Concerns/InteractsWithConsole.php:87
/Users/teamsolo/Documents/Dev/juanclinic/backend/vendor/laravel/framework/src/Illuminate/Foundation/Testing/RefreshDatabase.php:66
/Users/teamsolo/Documents/Dev/juanclinic/backend/vendor/laravel/framework/src/Illuminate/Foundation/Testing/RefreshDatabase.php:25
/Users/teamsolo/Documents/Dev/juanclinic/backend/vendor/laravel/framework/src/Illuminate/Foundation/Testing/Concerns/InteractsWithTestCaseLifecycle.php:209
/Users/teamsolo/Documents/Dev/juanclinic/backend/vendor/laravel/framework/src/Illuminate/Foundation/Testing/Concerns/InteractsWithTestCaseLifecycle.php:97
/Users/teamsolo/Documents/Dev/juanclinic/backend/vendor/laravel/framework/src/Illuminate/Foundation/Testing/TestCase.php:44
/Users/teamsolo/Documents/Dev/juanclinic/backend/tests/Feature/TenantSecurityTest.php:22</error>
    </testcase>
    <testcase name="clinic_admin_cannot_update_restricted_fields_like_admin_settings" file="/Users/teamsolo/Documents/Dev/juanclinic/backend/tests/Feature/TenantSecurityTest.php" line="119" class="Tests\Feature\TenantSecurityTest" classname="Tests.Feature.TenantSecurityTest" assertions="0" time="0.000000">
      <error type="Illuminate\Database\QueryException">Tests\Feature\TenantSecurityTest::clinic_admin_cannot_update_restricted_fields_like_admin_settings
Illuminate\Database\QueryException: SQLSTATE[HY000]: General error: 1 near "MODIFY": syntax error (Connection: sqlite, SQL: ALTER TABLE diseases MODIFY COLUMN coding_system ENUM('ICD10', 'ICD10CM', 'ICD11', 'ICD11MMS', 'SNOMED', 'LOCAL') DEFAULT 'LOCAL')

/Users/teamsolo/Documents/Dev/juanclinic/backend/vendor/laravel/framework/src/Illuminate/Database/Connection.php:825
/Users/teamsolo/Documents/Dev/juanclinic/backend/vendor/laravel/framework/src/Illuminate/Database/Connection.php:779
/Users/teamsolo/Documents/Dev/juanclinic/backend/vendor/laravel/framework/src/Illuminate/Database/Connection.php:560
/Users/teamsolo/Documents/Dev/juanclinic/backend/vendor/laravel/framework/src/Illuminate/Database/DatabaseManager.php:495
/Users/teamsolo/Documents/Dev/juanclinic/backend/vendor/laravel/framework/src/Illuminate/Support/Facades/Facade.php:361
/Users/teamsolo/Documents/Dev/juanclinic/backend/database/migrations/2026_04_23_111300_enhance_diseases_table_v2.php:28
/Users/teamsolo/Documents/Dev/juanclinic/backend/vendor/laravel/framework/src/Illuminate/Database/Migrations/Migrator.php:507
/Users/teamsolo/Documents/Dev/juanclinic/backend/vendor/laravel/framework/src/Illuminate/Database/Migrations/Migrator.php:432
/Users/teamsolo/Documents/Dev/juanclinic/backend/vendor/laravel/framework/src/Illuminate/Database/Migrations/Migrator.php:441
/Users/teamsolo/Documents/Dev/juanclinic/backend/vendor/laravel/framework/src/Illuminate/Database/Migrations/Migrator.php:244
/Users/teamsolo/Documents/Dev/juanclinic/backend/vendor/laravel/framework/src/Illuminate/Console/View/Components/Task.php:40
/Users/teamsolo/Documents/Dev/juanclinic/backend/vendor/laravel/framework/src/Illuminate/Database/Migrations/Migrator.php:798
/Users/teamsolo/Documents/Dev/juanclinic/backend/vendor/laravel/framework/src/Illuminate/Database/Migrations/Migrator.php:244
/Users/teamsolo/Documents/Dev/juanclinic/backend/vendor/laravel/framework/src/Illuminate/Database/Migrations/Migrator.php:211
/Users/teamsolo/Documents/Dev/juanclinic/backend/vendor/laravel/framework/src/Illuminate/Database/Migrations/Migrator.php:138
/Users/teamsolo/Documents/Dev/juanclinic/backend/vendor/laravel/framework/src/Illuminate/Database/Console/Migrations/MigrateCommand.php:117
/Users/teamsolo/Documents/Dev/juanclinic/backend/vendor/laravel/framework/src/Illuminate/Database/Migrations/Migrator.php:658
/Users/teamsolo/Documents/Dev/juanclinic/backend/vendor/laravel/framework/src/Illuminate/Database/Console/Migrations/MigrateCommand.php:110
/Users/teamsolo/Documents/Dev/juanclinic/backend/vendor/laravel/framework/src/Illuminate/Database/Console/Migrations/MigrateCommand.php:89
/Users/teamsolo/Documents/Dev/juanclinic/backend/vendor/laravel/framework/src/Illuminate/Container/BoundMethod.php:36
/Users/teamsolo/Documents/Dev/juanclinic/backend/vendor/laravel/framework/src/Illuminate/Container/Util.php:43
/Users/teamsolo/Documents/Dev/juanclinic/backend/vendor/laravel/framework/src/Illuminate/Container/BoundMethod.php:95
/Users/teamsolo/Documents/Dev/juanclinic/backend/vendor/laravel/framework/src/Illuminate/Container/BoundMethod.php:35
/Users/teamsolo/Documents/Dev/juanclinic/backend/vendor/laravel/framework/src/Illuminate/Container/Container.php:696
/Users/teamsolo/Documents/Dev/juanclinic/backend/vendor/laravel/framework/src/Illuminate/Console/Command.php:213
/Users/teamsolo/Documents/Dev/juanclinic/backend/vendor/symfony/console/Command/Command.php:341
/Users/teamsolo/Documents/Dev/juanclinic/backend/vendor/laravel/framework/src/Illuminate/Console/Command.php:182
/Users/teamsolo/Documents/Dev/juanclinic/backend/vendor/laravel/framework/src/Illuminate/Console/Concerns/CallsCommands.php:68
/Users/teamsolo/Documents/Dev/juanclinic/backend/vendor/laravel/framework/src/Illuminate/Console/Concerns/CallsCommands.php:29
/Users/teamsolo/Documents/Dev/juanclinic/backend/vendor/laravel/framework/src/Illuminate/Database/Console/Migrations/FreshCommand.php:82
/Users/teamsolo/Documents/Dev/juanclinic/backend/vendor/laravel/framework/src/Illuminate/Container/BoundMethod.php:36
/Users/teamsolo/Documents/Dev/juanclinic/backend/vendor/laravel/framework/src/Illuminate/Container/Util.php:43
/Users/teamsolo/Documents/Dev/juanclinic/backend/vendor/laravel/framework/src/Illuminate/Container/BoundMethod.php:95
/Users/teamsolo/Documents/Dev/juanclinic/backend/vendor/laravel/framework/src/Illuminate/Container/BoundMethod.php:35
/Users/teamsolo/Documents/Dev/juanclinic/backend/vendor/laravel/framework/src/Illuminate/Container/Container.php:696
/Users/teamsolo/Documents/Dev/juanclinic/backend/vendor/laravel/framework/src/Illuminate/Console/Command.php:213
/Users/teamsolo/Documents/Dev/juanclinic/backend/vendor/symfony/console/Command/Command.php:341
/Users/teamsolo/Documents/Dev/juanclinic/backend/vendor/laravel/framework/src/Illuminate/Console/Command.php:182
/Users/teamsolo/Documents/Dev/juanclinic/backend/vendor/symfony/console/Application.php:1094
/Users/teamsolo/Documents/Dev/juanclinic/backend/vendor/symfony/console/Application.php:356
/Users/teamsolo/Documents/Dev/juanclinic/backend/vendor/symfony/console/Application.php:195
/Users/teamsolo/Documents/Dev/juanclinic/backend/vendor/laravel/framework/src/Illuminate/Console/Application.php:166
/Users/teamsolo/Documents/Dev/juanclinic/backend/vendor/laravel/framework/src/Illuminate/Foundation/Console/Kernel.php:427
/Users/teamsolo/Documents/Dev/juanclinic/backend/vendor/laravel/framework/src/Illuminate/Testing/PendingCommand.php:332
/Users/teamsolo/Documents/Dev/juanclinic/backend/vendor/laravel/framework/src/Illuminate/Testing/PendingCommand.php:556
/Users/teamsolo/Documents/Dev/juanclinic/backend/vendor/laravel/framework/src/Illuminate/Foundation/Testing/Concerns/InteractsWithConsole.php:87
/Users/teamsolo/Documents/Dev/juanclinic/backend/vendor/laravel/framework/src/Illuminate/Foundation/Testing/RefreshDatabase.php:66
/Users/teamsolo/Documents/Dev/juanclinic/backend/vendor/laravel/framework/src/Illuminate/Foundation/Testing/RefreshDatabase.php:25
/Users/teamsolo/Documents/Dev/juanclinic/backend/vendor/laravel/framework/src/Illuminate/Foundation/Testing/Concerns/InteractsWithTestCaseLifecycle.php:209
/Users/teamsolo/Documents/Dev/juanclinic/backend/vendor/laravel/framework/src/Illuminate/Foundation/Testing/Concerns/InteractsWithTestCaseLifecycle.php:97
/Users/teamsolo/Documents/Dev/juanclinic/backend/vendor/laravel/framework/src/Illuminate/Foundation/Testing/TestCase.php:44
/Users/teamsolo/Documents/Dev/juanclinic/backend/tests/Feature/TenantSecurityTest.php:22</error>
    </testcase>
    <testcase name="super_admin_can_update_restricted_fields" file="/Users/teamsolo/Documents/Dev/juanclinic/backend/tests/Feature/TenantSecurityTest.php" line="132" class="Tests\Feature\TenantSecurityTest" classname="Tests.Feature.TenantSecurityTest" assertions="0" time="0.000000">
      <error type="Illuminate\Database\QueryException">Tests\Feature\TenantSecurityTest::super_admin_can_update_restricted_fields
Illuminate\Database\QueryException: SQLSTATE[HY000]: General error: 1 near "MODIFY": syntax error (Connection: sqlite, SQL: ALTER TABLE diseases MODIFY COLUMN coding_system ENUM('ICD10', 'ICD10CM', 'ICD11', 'ICD11MMS', 'SNOMED', 'LOCAL') DEFAULT 'LOCAL')

/Users/teamsolo/Documents/Dev/juanclinic/backend/vendor/laravel/framework/src/Illuminate/Database/Connection.php:825
/Users/teamsolo/Documents/Dev/juanclinic/backend/vendor/laravel/framework/src/Illuminate/Database/Connection.php:779
/Users/teamsolo/Documents/Dev/juanclinic/backend/vendor/laravel/framework/src/Illuminate/Database/Connection.php:560
/Users/teamsolo/Documents/Dev/juanclinic/backend/vendor/laravel/framework/src/Illuminate/Database/DatabaseManager.php:495
/Users/teamsolo/Documents/Dev/juanclinic/backend/vendor/laravel/framework/src/Illuminate/Support/Facades/Facade.php:361
/Users/teamsolo/Documents/Dev/juanclinic/backend/database/migrations/2026_04_23_111300_enhance_diseases_table_v2.php:28
/Users/teamsolo/Documents/Dev/juanclinic/backend/vendor/laravel/framework/src/Illuminate/Database/Migrations/Migrator.php:507
/Users/teamsolo/Documents/Dev/juanclinic/backend/vendor/laravel/framework/src/Illuminate/Database/Migrations/Migrator.php:432
/Users/teamsolo/Documents/Dev/juanclinic/backend/vendor/laravel/framework/src/Illuminate/Database/Migrations/Migrator.php:441
/Users/teamsolo/Documents/Dev/juanclinic/backend/vendor/laravel/framework/src/Illuminate/Database/Migrations/Migrator.php:244
/Users/teamsolo/Documents/Dev/juanclinic/backend/vendor/laravel/framework/src/Illuminate/Console/View/Components/Task.php:40
/Users/teamsolo/Documents/Dev/juanclinic/backend/vendor/laravel/framework/src/Illuminate/Database/Migrations/Migrator.php:798
/Users/teamsolo/Documents/Dev/juanclinic/backend/vendor/laravel/framework/src/Illuminate/Database/Migrations/Migrator.php:244
/Users/teamsolo/Documents/Dev/juanclinic/backend/vendor/laravel/framework/src/Illuminate/Database/Migrations/Migrator.php:211
/Users/teamsolo/Documents/Dev/juanclinic/backend/vendor/laravel/framework/src/Illuminate/Database/Migrations/Migrator.php:138
/Users/teamsolo/Documents/Dev/juanclinic/backend/vendor/laravel/framework/src/Illuminate/Database/Console/Migrations/MigrateCommand.php:117
/Users/teamsolo/Documents/Dev/juanclinic/backend/vendor/laravel/framework/src/Illuminate/Database/Migrations/Migrator.php:658
/Users/teamsolo/Documents/Dev/juanclinic/backend/vendor/laravel/framework/src/Illuminate/Database/Console/Migrations/MigrateCommand.php:110
/Users/teamsolo/Documents/Dev/juanclinic/backend/vendor/laravel/framework/src/Illuminate/Database/Console/Migrations/MigrateCommand.php:89
/Users/teamsolo/Documents/Dev/juanclinic/backend/vendor/laravel/framework/src/Illuminate/Container/BoundMethod.php:36
/Users/teamsolo/Documents/Dev/juanclinic/backend/vendor/laravel/framework/src/Illuminate/Container/Util.php:43
/Users/teamsolo/Documents/Dev/juanclinic/backend/vendor/laravel/framework/src/Illuminate/Container/BoundMethod.php:95
/Users/teamsolo/Documents/Dev/juanclinic/backend/vendor/laravel/framework/src/Illuminate/Container/BoundMethod.php:35
/Users/teamsolo/Documents/Dev/juanclinic/backend/vendor/laravel/framework/src/Illuminate/Container/Container.php:696
/Users/teamsolo/Documents/Dev/juanclinic/backend/vendor/laravel/framework/src/Illuminate/Console/Command.php:213
/Users/teamsolo/Documents/Dev/juanclinic/backend/vendor/symfony/console/Command/Command.php:341
/Users/teamsolo/Documents/Dev/juanclinic/backend/vendor/laravel/framework/src/Illuminate/Console/Command.php:182
/Users/teamsolo/Documents/Dev/juanclinic/backend/vendor/laravel/framework/src/Illuminate/Console/Concerns/CallsCommands.php:68
/Users/teamsolo/Documents/Dev/juanclinic/backend/vendor/laravel/framework/src/Illuminate/Console/Concerns/CallsCommands.php:29
/Users/teamsolo/Documents/Dev/juanclinic/backend/vendor/laravel/framework/src/Illuminate/Database/Console/Migrations/FreshCommand.php:82
/Users/teamsolo/Documents/Dev/juanclinic/backend/vendor/laravel/framework/src/Illuminate/Container/BoundMethod.php:36
/Users/teamsolo/Documents/Dev/juanclinic/backend/vendor/laravel/framework/src/Illuminate/Container/Util.php:43
/Users/teamsolo/Documents/Dev/juanclinic/backend/vendor/laravel/framework/src/Illuminate/Container/BoundMethod.php:95
/Users/teamsolo/Documents/Dev/juanclinic/backend/vendor/laravel/framework/src/Illuminate/Container/BoundMethod.php:35
/Users/teamsolo/Documents/Dev/juanclinic/backend/vendor/laravel/framework/src/Illuminate/Container/Container.php:696
/Users/teamsolo/Documents/Dev/juanclinic/backend/vendor/laravel/framework/src/Illuminate/Console/Command.php:213
/Users/teamsolo/Documents/Dev/juanclinic/backend/vendor/symfony/console/Command/Command.php:341
/Users/teamsolo/Documents/Dev/juanclinic/backend/vendor/laravel/framework/src/Illuminate/Console/Command.php:182
/Users/teamsolo/Documents/Dev/juanclinic/backend/vendor/symfony/console/Application.php:1094
/Users/teamsolo/Documents/Dev/juanclinic/backend/vendor/symfony/console/Application.php:356
/Users/teamsolo/Documents/Dev/juanclinic/backend/vendor/symfony/console/Application.php:195
/Users/teamsolo/Documents/Dev/juanclinic/backend/vendor/laravel/framework/src/Illuminate/Console/Application.php:166
/Users/teamsolo/Documents/Dev/juanclinic/backend/vendor/laravel/framework/src/Illuminate/Foundation/Console/Kernel.php:427
/Users/teamsolo/Documents/Dev/juanclinic/backend/vendor/laravel/framework/src/Illuminate/Testing/PendingCommand.php:332
/Users/teamsolo/Documents/Dev/juanclinic/backend/vendor/laravel/framework/src/Illuminate/Testing/PendingCommand.php:556
/Users/teamsolo/Documents/Dev/juanclinic/backend/vendor/laravel/framework/src/Illuminate/Foundation/Testing/Concerns/InteractsWithConsole.php:87
/Users/teamsolo/Documents/Dev/juanclinic/backend/vendor/laravel/framework/src/Illuminate/Foundation/Testing/RefreshDatabase.php:66
/Users/teamsolo/Documents/Dev/juanclinic/backend/vendor/laravel/framework/src/Illuminate/Foundation/Testing/RefreshDatabase.php:25
/Users/teamsolo/Documents/Dev/juanclinic/backend/vendor/laravel/framework/src/Illuminate/Foundation/Testing/Concerns/InteractsWithTestCaseLifecycle.php:209
/Users/teamsolo/Documents/Dev/juanclinic/backend/vendor/laravel/framework/src/Illuminate/Foundation/Testing/Concerns/InteractsWithTestCaseLifecycle.php:97
/Users/teamsolo/Documents/Dev/juanclinic/backend/vendor/laravel/framework/src/Illuminate/Foundation/Testing/TestCase.php:44
/Users/teamsolo/Documents/Dev/juanclinic/backend/tests/Feature/TenantSecurityTest.php:22</error>
    </testcase>
    <testcase name="clinic_admin_cannot_delete_any_tenant" file="/Users/teamsolo/Documents/Dev/juanclinic/backend/tests/Feature/TenantSecurityTest.php" line="144" class="Tests\Feature\TenantSecurityTest" classname="Tests.Feature.TenantSecurityTest" assertions="0" time="0.000000">
      <error type="Illuminate\Database\QueryException">Tests\Feature\TenantSecurityTest::clinic_admin_cannot_delete_any_tenant
Illuminate\Database\QueryException: SQLSTATE[HY000]: General error: 1 near "MODIFY": syntax error (Connection: sqlite, SQL: ALTER TABLE diseases MODIFY COLUMN coding_system ENUM('ICD10', 'ICD10CM', 'ICD11', 'ICD11MMS', 'SNOMED', 'LOCAL') DEFAULT 'LOCAL')

/Users/teamsolo/Documents/Dev/juanclinic/backend/vendor/laravel/framework/src/Illuminate/Database/Connection.php:825
/Users/teamsolo/Documents/Dev/juanclinic/backend/vendor/laravel/framework/src/Illuminate/Database/Connection.php:779
/Users/teamsolo/Documents/Dev/juanclinic/backend/vendor/laravel/framework/src/Illuminate/Database/Connection.php:560
/Users/teamsolo/Documents/Dev/juanclinic/backend/vendor/laravel/framework/src/Illuminate/Database/DatabaseManager.php:495
/Users/teamsolo/Documents/Dev/juanclinic/backend/vendor/laravel/framework/src/Illuminate/Support/Facades/Facade.php:361
/Users/teamsolo/Documents/Dev/juanclinic/backend/database/migrations/2026_04_23_111300_enhance_diseases_table_v2.php:28
/Users/teamsolo/Documents/Dev/juanclinic/backend/vendor/laravel/framework/src/Illuminate/Database/Migrations/Migrator.php:507
/Users/teamsolo/Documents/Dev/juanclinic/backend/vendor/laravel/framework/src/Illuminate/Database/Migrations/Migrator.php:432
/Users/teamsolo/Documents/Dev/juanclinic/backend/vendor/laravel/framework/src/Illuminate/Database/Migrations/Migrator.php:441
/Users/teamsolo/Documents/Dev/juanclinic/backend/vendor/laravel/framework/src/Illuminate/Database/Migrations/Migrator.php:244
/Users/teamsolo/Documents/Dev/juanclinic/backend/vendor/laravel/framework/src/Illuminate/Console/View/Components/Task.php:40
/Users/teamsolo/Documents/Dev/juanclinic/backend/vendor/laravel/framework/src/Illuminate/Database/Migrations/Migrator.php:798
/Users/teamsolo/Documents/Dev/juanclinic/backend/vendor/laravel/framework/src/Illuminate/Database/Migrations/Migrator.php:244
/Users/teamsolo/Documents/Dev/juanclinic/backend/vendor/laravel/framework/src/Illuminate/Database/Migrations/Migrator.php:211
/Users/teamsolo/Documents/Dev/juanclinic/backend/vendor/laravel/framework/src/Illuminate/Database/Migrations/Migrator.php:138
/Users/teamsolo/Documents/Dev/juanclinic/backend/vendor/laravel/framework/src/Illuminate/Database/Console/Migrations/MigrateCommand.php:117
/Users/teamsolo/Documents/Dev/juanclinic/backend/vendor/laravel/framework/src/Illuminate/Database/Migrations/Migrator.php:658
/Users/teamsolo/Documents/Dev/juanclinic/backend/vendor/laravel/framework/src/Illuminate/Database/Console/Migrations/MigrateCommand.php:110
/Users/teamsolo/Documents/Dev/juanclinic/backend/vendor/laravel/framework/src/Illuminate/Database/Console/Migrations/MigrateCommand.php:89
/Users/teamsolo/Documents/Dev/juanclinic/backend/vendor/laravel/framework/src/Illuminate/Container/BoundMethod.php:36
/Users/teamsolo/Documents/Dev/juanclinic/backend/vendor/laravel/framework/src/Illuminate/Container/Util.php:43
/Users/teamsolo/Documents/Dev/juanclinic/backend/vendor/laravel/framework/src/Illuminate/Container/BoundMethod.php:95
/Users/teamsolo/Documents/Dev/juanclinic/backend/vendor/laravel/framework/src/Illuminate/Container/BoundMethod.php:35
/Users/teamsolo/Documents/Dev/juanclinic/backend/vendor/laravel/framework/src/Illuminate/Container/Container.php:696
/Users/teamsolo/Documents/Dev/juanclinic/backend/vendor/laravel/framework/src/Illuminate/Console/Command.php:213
/Users/teamsolo/Documents/Dev/juanclinic/backend/vendor/symfony/console/Command/Command.php:341
/Users/teamsolo/Documents/Dev/juanclinic/backend/vendor/laravel/framework/src/Illuminate/Console/Command.php:182
/Users/teamsolo/Documents/Dev/juanclinic/backend/vendor/laravel/framework/src/Illuminate/Console/Concerns/CallsCommands.php:68
/Users/teamsolo/Documents/Dev/juanclinic/backend/vendor/laravel/framework/src/Illuminate/Console/Concerns/CallsCommands.php:29
/Users/teamsolo/Documents/Dev/juanclinic/backend/vendor/laravel/framework/src/Illuminate/Database/Console/Migrations/FreshCommand.php:82
/Users/teamsolo/Documents/Dev/juanclinic/backend/vendor/laravel/framework/src/Illuminate/Container/BoundMethod.php:36
/Users/teamsolo/Documents/Dev/juanclinic/backend/vendor/laravel/framework/src/Illuminate/Container/Util.php:43
/Users/teamsolo/Documents/Dev/juanclinic/backend/vendor/laravel/framework/src/Illuminate/Container/BoundMethod.php:95
/Users/teamsolo/Documents/Dev/juanclinic/backend/vendor/laravel/framework/src/Illuminate/Container/BoundMethod.php:35
/Users/teamsolo/Documents/Dev/juanclinic/backend/vendor/laravel/framework/src/Illuminate/Container/Container.php:696
/Users/teamsolo/Documents/Dev/juanclinic/backend/vendor/laravel/framework/src/Illuminate/Console/Command.php:213
/Users/teamsolo/Documents/Dev/juanclinic/backend/vendor/symfony/console/Command/Command.php:341
/Users/teamsolo/Documents/Dev/juanclinic/backend/vendor/laravel/framework/src/Illuminate/Console/Command.php:182
/Users/teamsolo/Documents/Dev/juanclinic/backend/vendor/symfony/console/Application.php:1094
/Users/teamsolo/Documents/Dev/juanclinic/backend/vendor/symfony/console/Application.php:356
/Users/teamsolo/Documents/Dev/juanclinic/backend/vendor/symfony/console/Application.php:195
/Users/teamsolo/Documents/Dev/juanclinic/backend/vendor/laravel/framework/src/Illuminate/Console/Application.php:166
/Users/teamsolo/Documents/Dev/juanclinic/backend/vendor/laravel/framework/src/Illuminate/Foundation/Console/Kernel.php:427
/Users/teamsolo/Documents/Dev/juanclinic/backend/vendor/laravel/framework/src/Illuminate/Testing/PendingCommand.php:332
/Users/teamsolo/Documents/Dev/juanclinic/backend/vendor/laravel/framework/src/Illuminate/Testing/PendingCommand.php:556
/Users/teamsolo/Documents/Dev/juanclinic/backend/vendor/laravel/framework/src/Illuminate/Foundation/Testing/Concerns/InteractsWithConsole.php:87
/Users/teamsolo/Documents/Dev/juanclinic/backend/vendor/laravel/framework/src/Illuminate/Foundation/Testing/RefreshDatabase.php:66
/Users/teamsolo/Documents/Dev/juanclinic/backend/vendor/laravel/framework/src/Illuminate/Foundation/Testing/RefreshDatabase.php:25
/Users/teamsolo/Documents/Dev/juanclinic/backend/vendor/laravel/framework/src/Illuminate/Foundation/Testing/Concerns/InteractsWithTestCaseLifecycle.php:209
/Users/teamsolo/Documents/Dev/juanclinic/backend/vendor/laravel/framework/src/Illuminate/Foundation/Testing/Concerns/InteractsWithTestCaseLifecycle.php:97
/Users/teamsolo/Documents/Dev/juanclinic/backend/vendor/laravel/framework/src/Illuminate/Foundation/Testing/TestCase.php:44
/Users/teamsolo/Documents/Dev/juanclinic/backend/tests/Feature/TenantSecurityTest.php:22</error>
    </testcase>
    <testcase name="super_admin_can_delete_a_tenant" file="/Users/teamsolo/Documents/Dev/juanclinic/backend/tests/Feature/TenantSecurityTest.php" line="151" class="Tests\Feature\TenantSecurityTest" classname="Tests.Feature.TenantSecurityTest" assertions="0" time="0.000000">
      <error type="Illuminate\Database\QueryException">Tests\Feature\TenantSecurityTest::super_admin_can_delete_a_tenant
Illuminate\Database\QueryException: SQLSTATE[HY000]: General error: 1 near "MODIFY": syntax error (Connection: sqlite, SQL: ALTER TABLE diseases MODIFY COLUMN coding_system ENUM('ICD10', 'ICD10CM', 'ICD11', 'ICD11MMS', 'SNOMED', 'LOCAL') DEFAULT 'LOCAL')

/Users/teamsolo/Documents/Dev/juanclinic/backend/vendor/laravel/framework/src/Illuminate/Database/Connection.php:825
/Users/teamsolo/Documents/Dev/juanclinic/backend/vendor/laravel/framework/src/Illuminate/Database/Connection.php:779
/Users/teamsolo/Documents/Dev/juanclinic/backend/vendor/laravel/framework/src/Illuminate/Database/Connection.php:560
/Users/teamsolo/Documents/Dev/juanclinic/backend/vendor/laravel/framework/src/Illuminate/Database/DatabaseManager.php:495
/Users/teamsolo/Documents/Dev/juanclinic/backend/vendor/laravel/framework/src/Illuminate/Support/Facades/Facade.php:361
/Users/teamsolo/Documents/Dev/juanclinic/backend/database/migrations/2026_04_23_111300_enhance_diseases_table_v2.php:28
/Users/teamsolo/Documents/Dev/juanclinic/backend/vendor/laravel/framework/src/Illuminate/Database/Migrations/Migrator.php:507
/Users/teamsolo/Documents/Dev/juanclinic/backend/vendor/laravel/framework/src/Illuminate/Database/Migrations/Migrator.php:432
/Users/teamsolo/Documents/Dev/juanclinic/backend/vendor/laravel/framework/src/Illuminate/Database/Migrations/Migrator.php:441
/Users/teamsolo/Documents/Dev/juanclinic/backend/vendor/laravel/framework/src/Illuminate/Database/Migrations/Migrator.php:244
/Users/teamsolo/Documents/Dev/juanclinic/backend/vendor/laravel/framework/src/Illuminate/Console/View/Components/Task.php:40
/Users/teamsolo/Documents/Dev/juanclinic/backend/vendor/laravel/framework/src/Illuminate/Database/Migrations/Migrator.php:798
/Users/teamsolo/Documents/Dev/juanclinic/backend/vendor/laravel/framework/src/Illuminate/Database/Migrations/Migrator.php:244
/Users/teamsolo/Documents/Dev/juanclinic/backend/vendor/laravel/framework/src/Illuminate/Database/Migrations/Migrator.php:211
/Users/teamsolo/Documents/Dev/juanclinic/backend/vendor/laravel/framework/src/Illuminate/Database/Migrations/Migrator.php:138
/Users/teamsolo/Documents/Dev/juanclinic/backend/vendor/laravel/framework/src/Illuminate/Database/Console/Migrations/MigrateCommand.php:117
/Users/teamsolo/Documents/Dev/juanclinic/backend/vendor/laravel/framework/src/Illuminate/Database/Migrations/Migrator.php:658
/Users/teamsolo/Documents/Dev/juanclinic/backend/vendor/laravel/framework/src/Illuminate/Database/Console/Migrations/MigrateCommand.php:110
/Users/teamsolo/Documents/Dev/juanclinic/backend/vendor/laravel/framework/src/Illuminate/Database/Console/Migrations/MigrateCommand.php:89
/Users/teamsolo/Documents/Dev/juanclinic/backend/vendor/laravel/framework/src/Illuminate/Container/BoundMethod.php:36
/Users/teamsolo/Documents/Dev/juanclinic/backend/vendor/laravel/framework/src/Illuminate/Container/Util.php:43
/Users/teamsolo/Documents/Dev/juanclinic/backend/vendor/laravel/framework/src/Illuminate/Container/BoundMethod.php:95
/Users/teamsolo/Documents/Dev/juanclinic/backend/vendor/laravel/framework/src/Illuminate/Container/BoundMethod.php:35
/Users/teamsolo/Documents/Dev/juanclinic/backend/vendor/laravel/framework/src/Illuminate/Container/Container.php:696
/Users/teamsolo/Documents/Dev/juanclinic/backend/vendor/laravel/framework/src/Illuminate/Console/Command.php:213
/Users/teamsolo/Documents/Dev/juanclinic/backend/vendor/symfony/console/Command/Command.php:341
/Users/teamsolo/Documents/Dev/juanclinic/backend/vendor/laravel/framework/src/Illuminate/Console/Command.php:182
/Users/teamsolo/Documents/Dev/juanclinic/backend/vendor/laravel/framework/src/Illuminate/Console/Concerns/CallsCommands.php:68
/Users/teamsolo/Documents/Dev/juanclinic/backend/vendor/laravel/framework/src/Illuminate/Console/Concerns/CallsCommands.php:29
/Users/teamsolo/Documents/Dev/juanclinic/backend/vendor/laravel/framework/src/Illuminate/Database/Console/Migrations/FreshCommand.php:82
/Users/teamsolo/Documents/Dev/juanclinic/backend/vendor/laravel/framework/src/Illuminate/Container/BoundMethod.php:36
/Users/teamsolo/Documents/Dev/juanclinic/backend/vendor/laravel/framework/src/Illuminate/Container/Util.php:43
/Users/teamsolo/Documents/Dev/juanclinic/backend/vendor/laravel/framework/src/Illuminate/Container/BoundMethod.php:95
/Users/teamsolo/Documents/Dev/juanclinic/backend/vendor/laravel/framework/src/Illuminate/Container/BoundMethod.php:35
/Users/teamsolo/Documents/Dev/juanclinic/backend/vendor/laravel/framework/src/Illuminate/Container/Container.php:696
/Users/teamsolo/Documents/Dev/juanclinic/backend/vendor/laravel/framework/src/Illuminate/Console/Command.php:213
/Users/teamsolo/Documents/Dev/juanclinic/backend/vendor/symfony/console/Command/Command.php:341
/Users/teamsolo/Documents/Dev/juanclinic/backend/vendor/laravel/framework/src/Illuminate/Console/Command.php:182
/Users/teamsolo/Documents/Dev/juanclinic/backend/vendor/symfony/console/Application.php:1094
/Users/teamsolo/Documents/Dev/juanclinic/backend/vendor/symfony/console/Application.php:356
/Users/teamsolo/Documents/Dev/juanclinic/backend/vendor/symfony/console/Application.php:195
/Users/teamsolo/Documents/Dev/juanclinic/backend/vendor/laravel/framework/src/Illuminate/Console/Application.php:166
/Users/teamsolo/Documents/Dev/juanclinic/backend/vendor/laravel/framework/src/Illuminate/Foundation/Console/Kernel.php:427
/Users/teamsolo/Documents/Dev/juanclinic/backend/vendor/laravel/framework/src/Illuminate/Testing/PendingCommand.php:332
/Users/teamsolo/Documents/Dev/juanclinic/backend/vendor/laravel/framework/src/Illuminate/Testing/PendingCommand.php:556
/Users/teamsolo/Documents/Dev/juanclinic/backend/vendor/laravel/framework/src/Illuminate/Foundation/Testing/Concerns/InteractsWithConsole.php:87
/Users/teamsolo/Documents/Dev/juanclinic/backend/vendor/laravel/framework/src/Illuminate/Foundation/Testing/RefreshDatabase.php:66
/Users/teamsolo/Documents/Dev/juanclinic/backend/vendor/laravel/framework/src/Illuminate/Foundation/Testing/RefreshDatabase.php:25
/Users/teamsolo/Documents/Dev/juanclinic/backend/vendor/laravel/framework/src/Illuminate/Foundation/Testing/Concerns/InteractsWithTestCaseLifecycle.php:209
/Users/teamsolo/Documents/Dev/juanclinic/backend/vendor/laravel/framework/src/Illuminate/Foundation/Testing/Concerns/InteractsWithTestCaseLifecycle.php:97
/Users/teamsolo/Documents/Dev/juanclinic/backend/vendor/laravel/framework/src/Illuminate/Foundation/Testing/TestCase.php:44
/Users/teamsolo/Documents/Dev/juanclinic/backend/tests/Feature/TenantSecurityTest.php:22</error>
    </testcase>
  </testsuite>
</testsuites>
